This is pdfTeX, Version 3.14159265-2.6-1.40.16 (MiKTeX 2.9) (preloaded format=pdflatex 2016.3.3)  5 MAY 2016 19:54
entering extended mode
**"C:/Users/Acer/Downloads/PaperKit/Report/final paper.tex"
("C:/Users/Acer/Downloads/PaperKit/Report/final paper.tex"
LaTeX2e <2015/10/01> patch level 2
Babel <3.9n> and hyphenation patterns for 69 languages loaded.
("C:\Users\Acer\AppData\Local\Programs\MiKTeX 2.9\tex\latex\base\article.cls"
Document Class: article 2014/09/29 v1.4h Standard LaTeX document class
("C:\Users\Acer\AppData\Local\Programs\MiKTeX 2.9\tex\latex\base\size10.clo"
File: size10.clo 2014/09/29 v1.4h Standard LaTeX file (size option)
)
\c@part=\count79
\c@section=\count80
\c@subsection=\count81
\c@subsubsection=\count82
\c@paragraph=\count83
\c@subparagraph=\count84
\c@figure=\count85
\c@table=\count86
\abovecaptionskip=\skip41
\belowcaptionskip=\skip42
\bibindent=\dimen102
)
(spconf.sty)
("C:\Users\Acer\AppData\Local\Programs\MiKTeX 2.9\tex\latex\amsmath\amsmath.sty
"
Package: amsmath 2013/01/14 v2.14 AMS math features
\@mathmargin=\skip43

For additional information on amsmath, use the `?' option.
("C:\Users\Acer\AppData\Local\Programs\MiKTeX 2.9\tex\latex\amsmath\amstext.sty
"
Package: amstext 2000/06/29 v2.01
 ("C:\Users\Acer\AppData\Local\Programs\MiKTeX 2.9\tex\latex\amsmath\amsgen.sty
"
File: amsgen.sty 1999/11/30 v2.0
\@emptytoks=\toks14
\ex@=\dimen103
))
("C:\Users\Acer\AppData\Local\Programs\MiKTeX 2.9\tex\latex\amsmath\amsbsy.sty"
Package: amsbsy 1999/11/29 v1.2d
\pmbraise@=\dimen104
) ("C:\Users\Acer\AppData\Local\Programs\MiKTeX 2.9\tex\latex\amsmath\amsopn.st
y"
Package: amsopn 1999/12/14 v2.01 operator names
)
\inf@bad=\count87
LaTeX Info: Redefining \frac on input line 210.
\uproot@=\count88
\leftroot@=\count89
LaTeX Info: Redefining \overline on input line 306.
\classnum@=\count90
\DOTSCASE@=\count91
LaTeX Info: Redefining \ldots on input line 378.
LaTeX Info: Redefining \dots on input line 381.
LaTeX Info: Redefining \cdots on input line 466.
\Mathstrutbox@=\box26
\strutbox@=\box27
\big@size=\dimen105
LaTeX Font Info:    Redeclaring font encoding OML on input line 566.
LaTeX Font Info:    Redeclaring font encoding OMS on input line 567.
\macc@depth=\count92
\c@MaxMatrixCols=\count93
\dotsspace@=\muskip10
\c@parentequation=\count94
\dspbrk@lvl=\count95
\tag@help=\toks15
\row@=\count96
\column@=\count97
\maxfields@=\count98
\andhelp@=\toks16
\eqnshift@=\dimen106
\alignsep@=\dimen107
\tagshift@=\dimen108
\tagwidth@=\dimen109
\totwidth@=\dimen110
\lineht@=\dimen111
\@envbody=\toks17
\multlinegap=\skip44
\multlinetaggap=\skip45
\mathdisplay@stack=\toks18
LaTeX Info: Redefining \[ on input line 2665.
LaTeX Info: Redefining \] on input line 2666.
)
("C:\Users\Acer\AppData\Local\Programs\MiKTeX 2.9\tex\latex\graphics\graphicx.s
ty"
Package: graphicx 2014/10/28 v1.0g Enhanced LaTeX Graphics (DPC,SPQR)

("C:\Users\Acer\AppData\Local\Programs\MiKTeX 2.9\tex\latex\graphics\keyval.sty
"
Package: keyval 2014/10/28 v1.15 key=value parser (DPC)
\KV@toks@=\toks19
)
("C:\Users\Acer\AppData\Local\Programs\MiKTeX 2.9\tex\latex\graphics\graphics.s
ty"
Package: graphics 2014/10/28 v1.0p Standard LaTeX Graphics (DPC,SPQR)

("C:\Users\Acer\AppData\Local\Programs\MiKTeX 2.9\tex\latex\graphics\trig.sty"
Package: trig 1999/03/16 v1.09 sin cos tan (DPC)
)
("C:\Users\Acer\AppData\Local\Programs\MiKTeX 2.9\tex\latex\00miktex\graphics.c
fg"
File: graphics.cfg 2007/01/18 v1.5 graphics configuration of teTeX/TeXLive
)
Package graphics Info: Driver file: pdftex.def on input line 94.

("C:\Users\Acer\AppData\Local\Programs\MiKTeX 2.9\tex\latex\pdftex-def\pdftex.d
ef"
File: pdftex.def 2011/05/27 v0.06d Graphics/color for pdfTeX

("C:\Users\Acer\AppData\Local\Programs\MiKTeX 2.9\tex\generic\oberdiek\infwarer
r.sty"
Package: infwarerr 2010/04/08 v1.3 Providing info/warning/error messages (HO)
)
("C:\Users\Acer\AppData\Local\Programs\MiKTeX 2.9\tex\generic\oberdiek\ltxcmds.
sty"
Package: ltxcmds 2011/11/09 v1.22 LaTeX kernel commands for general use (HO)
)
\Gread@gobject=\count99
))
\Gin@req@height=\dimen112
\Gin@req@width=\dimen113
) ("final paper.aux"

LaTeX Warning: Label `ssec:subhead' multiply defined.


LaTeX Warning: Label `fig:res' multiply defined.


LaTeX Warning: Label `fig:res' multiply defined.


LaTeX Warning: Label `fig:res' multiply defined.


LaTeX Warning: Label `fig:res' multiply defined.


LaTeX Warning: Label `fig:res' multiply defined.


LaTeX Warning: Label `fig:res' multiply defined.

)
\openout1 = `"final paper.aux"'.

LaTeX Font Info:    Checking defaults for OML/cmm/m/it on input line 19.
LaTeX Font Info:    ... okay on input line 19.
LaTeX Font Info:    Checking defaults for T1/cmr/m/n on input line 19.
LaTeX Font Info:    ... okay on input line 19.
LaTeX Font Info:    Checking defaults for OT1/cmr/m/n on input line 19.
LaTeX Font Info:    ... okay on input line 19.
LaTeX Font Info:    Checking defaults for OMS/cmsy/m/n on input line 19.
LaTeX Font Info:    ... okay on input line 19.
LaTeX Font Info:    Checking defaults for OMX/cmex/m/n on input line 19.
LaTeX Font Info:    ... okay on input line 19.
LaTeX Font Info:    Checking defaults for U/cmr/m/n on input line 19.
LaTeX Font Info:    ... okay on input line 19.
LaTeX Font Info:    Try loading font information for OT1+ptm on input line 19.
 ("C:\Users\Acer\AppData\Local\Programs\MiKTeX 2.9\tex\latex\psnfss\ot1ptm.fd"
File: ot1ptm.fd 2001/06/04 font definitions for OT1/ptm.
)
("C:\Users\Acer\AppData\Local\Programs\MiKTeX 2.9\tex\context\base\supp-pdf.mki
i"
[Loading MPS to PDF converter (version 2006.09.02).]
\scratchcounter=\count100
\scratchdimen=\dimen114
\scratchbox=\box28
\nofMPsegments=\count101
\nofMParguments=\count102
\everyMPshowfont=\toks20
\MPscratchCnt=\count103
\MPscratchDim=\dimen115
\MPnumerator=\count104
\makeMPintoPDFobject=\count105
\everyMPtoPDFconversion=\toks21
)
LaTeX Font Info:    Font shape `OT1/ptm/bx/n' in size <12> not available
(Font)              Font shape `OT1/ptm/b/n' tried instead on input line 22.
LaTeX Font Info:    Font shape `OT1/ptm/bx/n' in size <10> not available
(Font)              Font shape `OT1/ptm/b/n' tried instead on input line 24.
LaTeX Font Info:    Font shape `OT1/ptm/bx/it' in size <10> not available
(Font)              Font shape `OT1/ptm/b/it' tried instead on input line 28.

Underfull \hbox (badness 1648) in paragraph at lines 28--30
[]\OT1/ptm/b/it/10 Index Terms\OT1/ptm/b/n/10 --- \OT1/ptm/m/n/10 APS al-go-rit
hm, Com-pu-ta-tional eco-
 []

<payoff.png, id=1, 373.395pt x 192.72pt>
File: payoff.png Graphic file (type png)
 <use payoff.png>
Package pdftex.def Info: payoff.png used on input line 48.
(pdftex.def)             Requested size: 135.15059pt x 69.75554pt.
 [1{C:/Users/Acer/AppData/Local/MiKTeX/2.9/pdftex/config/pdftex.map}



 <./payoff.png>]
<roperator.png, id=15, 452.69125pt x 337.26pt>
File: roperator.png Graphic file (type png)
 <use roperator.png>
Package pdftex.def Info: roperator.png used on input line 100.
(pdftex.def)             Requested size: 156.49014pt x 116.5864pt.

<GUI1.png, id=16, 900.36375pt x 471.7625pt>
File: GUI1.png Graphic file (type png)
 <use GUI1.png>
Package pdftex.def Info: GUI1.png used on input line 115.
(pdftex.def)             Requested size: 170.71652pt x 89.44864pt.

<GUI2.png, id=17, 896.34875pt x 468.75125pt>
File: GUI2.png Graphic file (type png)
 <use GUI2.png>
Package pdftex.def Info: GUI2.png used on input line 121.
(pdftex.def)             Requested size: 170.71652pt x 89.27107pt.

Underfull \hbox (badness 10000) in paragraph at lines 113--125

 []

<GUI3.png, id=18, 895.345pt x 467.7475pt>
File: GUI3.png Graphic file (type png)
 <use GUI3.png>
Package pdftex.def Info: GUI3.png used on input line 132.
(pdftex.def)             Requested size: 170.71652pt x 89.18698pt.

<GUI4.png, id=19, 895.345pt x 470.75874pt>
File: GUI4.png Graphic file (type png)
 <use GUI4.png>
Package pdftex.def Info: GUI4.png used on input line 138.
(pdftex.def)             Requested size: 170.71652pt x 89.76114pt.
 [2 <./roperator.png> <./GUI1.png> <./GUI2.png>] <V-Star.png, id=29, 331.99031p
t x 302.63063pt>
File: V-Star.png Graphic file (type png)

<use V-Star.png>
Package pdftex.def Info: V-Star.png used on input line 154.
(pdftex.def)             Requested size: 156.49014pt x 142.65201pt.
 <FeasibleSet.png, id=30, 272.51813pt x 282.30469pt>
File: FeasibleSet.png Graphic file (type png)

<use FeasibleSet.png>
Package pdftex.def Info: FeasibleSet.png used on input line 165.
(pdftex.def)             Requested size: 156.49014pt x 162.10854pt.
 <OperatorPoints.png, id=31, 158.09062pt x 126.4725pt>
File: OperatorPoints.png Graphic file (type png)

<use OperatorPoints.png>
Package pdftex.def Info: OperatorPoints.png used on input line 176.
(pdftex.def)             Requested size: 106.69783pt x 85.35945pt.

<applyingDiscountFactor.png, id=32, 158.09062pt x 126.4725pt>
File: applyingDiscountFactor.png Graphic file (type png)

<use applyingDiscountFactor.png>
Package pdftex.def Info: applyingDiscountFactor.png used on input line 182.
(pdftex.def)             Requested size: 106.69783pt x 85.35945pt.

<newPoints.png, id=33, 158.84344pt x 126.4725pt>
File: newPoints.png Graphic file (type png)
 <use newPoints.png>
Package pdftex.def Info: newPoints.png used on input line 197.
(pdftex.def)             Requested size: 106.69783pt x 84.95612pt.

<newPolygon.png, id=34, 158.84344pt x 125.71968pt>
File: newPolygon.png Graphic file (type png)
 <use newPolygon.png>
Package pdftex.def Info: newPolygon.png used on input line 203.
(pdftex.def)             Requested size: 106.69783pt x 84.45042pt.

[3 <./GUI3.png> <./GUI4.png> <./V-Star.png> <./FeasibleSet.png> <./OperatorPoin
ts.png> <./applyingDiscountFactor.png>] ("final paper.bbl") [4 <./newPoints.png
> <./newPolygon.png>] ("final paper.aux")

LaTeX Warning: There were multiply-defined labels.

 ) 
Here is how much of TeX's memory you used:
 1874 strings out of 493634
 24264 string characters out of 3135648
 87287 words of memory out of 3000000
 5252 multiletter control sequences out of 15000+200000
 18923 words of font info for 42 fonts, out of 3000000 for 9000
 1025 hyphenation exceptions out of 8191
 27i,7n,20p,1261b,280s stack positions out of 5000i,500n,10000p,200000b,50000s
{C:/Users/Acer/AppData/Local/Programs/MiKTeX 2.9/fonts/enc/dvips/fontname/8r.
enc}<C:/Users/Acer/AppData/Local/Programs/MiKTeX 2.9/fonts/type1/public/amsfont
s/cm/cmmi10.pfb><C:/Users/Acer/AppData/Local/Programs/MiKTeX 2.9/fonts/type1/pu
blic/amsfonts/cm/cmmi7.pfb><C:/Users/Acer/AppData/Local/Programs/MiKTeX 2.9/fon
ts/type1/public/amsfonts/cm/cmr10.pfb><C:/Users/Acer/AppData/Local/Programs/MiK
TeX 2.9/fonts/type1/public/amsfonts/cm/cmr7.pfb><C:/Users/Acer/AppData/Local/Pr
ograms/MiKTeX 2.9/fonts/type1/public/amsfonts/cm/cmsy10.pfb><C:/Users/Acer/AppD
ata/Local/Programs/MiKTeX 2.9/fonts/type1/public/amsfonts/cm/cmsy7.pfb><C:/User
s/Acer/AppData/Local/Programs/MiKTeX 2.9/fonts/type1/urw/times/utmb8a.pfb><C:/U
sers/Acer/AppData/Local/Programs/MiKTeX 2.9/fonts/type1/urw/times/utmbi8a.pfb><
C:/Users/Acer/AppData/Local/Programs/MiKTeX 2.9/fonts/type1/urw/times/utmr8a.pf
b><C:/Users/Acer/AppData/Local/Programs/MiKTeX 2.9/fonts/type1/urw/times/utmri8
a.pfb>
Output written on "final paper.pdf" (4 pages, 513301 bytes).
PDF statistics:
 80 PDF objects out of 1000 (max. 8388607)
 0 named destinations out of 1000 (max. 500000)
 61 words of extra memory for PDF output out of 10000 (max. 10000000)

